<?xml version="1.0" encoding="UTF-8"?>
<testsuite xmlns:xsi="http://www.w3.org/2001/XMLSchema-instance" xsi:noNamespaceSchemaLocation="https://maven.apache.org/surefire/maven-surefire-plugin/xsd/surefire-test-report-3.0.xsd" version="3.0" name="eu.jpereira.trainings.designpatterns.creational.singleton.ReportBuilderTest" time="0.358" tests="3" errors="0" skipped="0" failures="0">
  <properties>
    <property name="java.specification.version" value="23"/>
    <property name="sun.cpu.isalist" value="amd64"/>
    <property name="sun.jnu.encoding" value="Cp1250"/>
    <property name="java.class.path" value="C:\Users\wziat\Studia\tp\lista3\source-archive\javatrainings\designpatterns\trunk\singleton\target\test-classes;C:\Users\wziat\Studia\tp\lista3\source-archive\javatrainings\designpatterns\trunk\singleton\target\classes;C:\Users\wziat\.m2\repository\junit\junit\4.9\junit-4.9.jar;C:\Users\wziat\.m2\repository\org\hamcrest\hamcrest-core\1.1\hamcrest-core-1.1.jar;"/>
    <property name="java.vm.vendor" value="Oracle Corporation"/>
    <property name="sun.arch.data.model" value="64"/>
    <property name="user.variant" value=""/>
    <property name="java.vendor.url" value="https://java.oracle.com/"/>
    <property name="user.timezone" value="Europe/Warsaw"/>
    <property name="os.name" value="Windows 10"/>
    <property name="java.vm.specification.version" value="23"/>
    <property name="sun.java.launcher" value="SUN_STANDARD"/>
    <property name="user.country" value="PL"/>
    <property name="sun.boot.library.path" value="C:\Users\wziat\.jdks\openjdk-23.0.1\bin"/>
    <property name="sun.java.command" value="C:\Users\wziat\AppData\Local\Temp\surefire3035060555991618665\surefirebooter-20241122115708753_3.jar C:\Users\wziat\AppData\Local\Temp\surefire3035060555991618665 2024-11-22T11-57-08_679-jvmRun1 surefire-20241122115708753_1tmp surefire_0-20241122115708753_2tmp"/>
    <property name="jdk.debug" value="release"/>
    <property name="surefire.test.class.path" value="C:\Users\wziat\Studia\tp\lista3\source-archive\javatrainings\designpatterns\trunk\singleton\target\test-classes;C:\Users\wziat\Studia\tp\lista3\source-archive\javatrainings\designpatterns\trunk\singleton\target\classes;C:\Users\wziat\.m2\repository\junit\junit\4.9\junit-4.9.jar;C:\Users\wziat\.m2\repository\org\hamcrest\hamcrest-core\1.1\hamcrest-core-1.1.jar;"/>
    <property name="sun.cpu.endian" value="little"/>
    <property name="user.home" value="C:\Users\wziat"/>
    <property name="user.language" value="pl"/>
    <property name="java.specification.vendor" value="Oracle Corporation"/>
    <property name="java.version.date" value="2024-10-15"/>
    <property name="java.home" value="C:\Users\wziat\.jdks\openjdk-23.0.1"/>
    <property name="file.separator" value="\"/>
    <property name="basedir" value="C:\Users\wziat\Studia\tp\lista3\source-archive\javatrainings\designpatterns\trunk\singleton"/>
    <property name="java.vm.compressedOopsMode" value="Zero based"/>
    <property name="line.separator" value="&#10;"/>
    <property name="java.vm.specification.vendor" value="Oracle Corporation"/>
    <property name="java.specification.name" value="Java Platform API Specification"/>
    <property name="surefire.real.class.path" value="C:\Users\wziat\AppData\Local\Temp\surefire3035060555991618665\surefirebooter-20241122115708753_3.jar"/>
    <property name="user.script" value=""/>
    <property name="sun.management.compiler" value="HotSpot 64-Bit Tiered Compilers"/>
    <property name="java.runtime.version" value="23.0.1+11-39"/>
    <property name="user.name" value="wziat"/>
    <property name="stdout.encoding" value="Cp1250"/>
    <property name="path.separator" value=";"/>
    <property name="os.version" value="10.0"/>
    <property name="java.runtime.name" value="OpenJDK Runtime Environment"/>
    <property name="file.encoding" value="UTF-8"/>
    <property name="java.vm.name" value="OpenJDK 64-Bit Server VM"/>
    <property name="localRepository" value="C:\Users\wziat\.m2\repository"/>
    <property name="java.vendor.url.bug" value="https://bugreport.java.com/bugreport/"/>
    <property name="java.io.tmpdir" value="C:\Users\wziat\AppData\Local\Temp\"/>
    <property name="idea.version" value="2024.2.4"/>
    <property name="java.version" value="23.0.1"/>
    <property name="user.dir" value="C:\Users\wziat\Studia\tp\lista3\source-archive\javatrainings\designpatterns\trunk\singleton"/>
    <property name="os.arch" value="amd64"/>
    <property name="java.vm.specification.name" value="Java Virtual Machine Specification"/>
    <property name="sun.os.patch.level" value=""/>
    <property name="native.encoding" value="Cp1250"/>
    <property name="java.library.path" value="C:\Users\wziat\.jdks\openjdk-23.0.1\bin;C:\Windows\Sun\Java\bin;C:\Windows\system32;C:\Windows;C:\Program Files\Eclipse Adoptium\jdk-11.0.25.9-hotspot\bin;C:\Windows\system32;C:\Windows;C:\Windows\System32\Wbem;C:\Windows\System32\WindowsPowerShell\v1.0\;C:\Windows\System32\OpenSSH\;C:\Program Files\NVIDIA Corporation\NVIDIA NvDLISR;C:\Program Files (x86)\NVIDIA Corporation\PhysX\Common;C:\Program Files\Git\cmd;C:\Users\wziat\Downloads\apache-maven-3.9.9-bin\apache-maven-3.9.9\bin;C:\Users\wziat\AppData\Local\Programs\Python\Launcher\;C:\Users\wziat\AppData\Local\Microsoft\WindowsApps;;C:\Program Files\JetBrains\IntelliJ IDEA 2024.2.4\bin;;C:\Program Files\JetBrains\CLion 2024.2.3\bin;;C:\Program Files\JetBrains\PyCharm 2024.2.4\bin;;."/>
    <property name="java.vm.info" value="mixed mode, sharing"/>
    <property name="stderr.encoding" value="Cp1250"/>
    <property name="java.vendor" value="Oracle Corporation"/>
    <property name="java.vm.version" value="23.0.1+11-39"/>
    <property name="sun.io.unicode.encoding" value="UnicodeLittle"/>
    <property name="java.class.version" value="67.0"/>
  </properties>
  <testcase name="measureInitializeTime" classname="eu.jpereira.trainings.designpatterns.creational.singleton.ReportBuilderTest" time="0.183">
    <system-out><![CDATA[Getting instance for Thread 1
Instance is null for Thread 1
Returing 815992954 instance to Thread 1
First call took: 173 ms
Getting instance for Thread 1
Second call took: 0 ms
]]></system-out>
  </testcase>
  <testcase name="testGetSingleton" classname="eu.jpereira.trainings.designpatterns.creational.singleton.ReportBuilderTest" time="0.073">
    <system-out><![CDATA[Getting instance for Thread 1
Instance is null for Thread 1
Returing 2054574951 instance to Thread 1
]]></system-out>
  </testcase>
  <testcase name="testMultiThreading" classname="eu.jpereira.trainings.designpatterns.creational.singleton.ReportBuilderTest" time="0.077">
    <system-out><![CDATA[Getting instance for Thread 25
Instance is null for Thread 25
Returing 1805037212 instance to Thread 25
Getting instance for Thread 34
Getting instance for Thread 33
Thread 25 died!
Getting instance for Thread 32
Getting instance for Thread 31
Getting instance for Thread 30
Getting instance for Thread 29
Getting instance for Thread 28
Getting instance for Thread 27
Getting instance for Thread 26
Thread 26 died!
Thread 27 died!
Thread 28 died!
Thread 29 died!
Thread 30 died!
Thread 31 died!
Thread 32 died!
Thread 33 died!
Thread 34 died!
]]></system-out>
  </testcase>
</testsuite>